<?xml version="1.0" encoding="UTF-8"?>
<testng-results skipped="0" failed="0" total="1" passed="1">
  <reporter-output>
  </reporter-output>
  <suite name="Default suite" duration-ms="31136" started-at="2020-05-01T01:09:11Z" finished-at="2020-05-01T01:09:43Z">
    <groups>
    </groups>
    <test name="Default test" duration-ms="31136" started-at="2020-05-01T01:09:11Z" finished-at="2020-05-01T01:09:43Z">
      <class name="com.acti.Testcase.TestDeleteCustomer">
        <test-method status="PASS" signature="preClass()[pri:0, instance:com.acti.Testcase.TestDeleteCustomer@7d417077]" name="preClass" is-config="true" duration-ms="306" started-at="2020-05-01T06:39:11Z" finished-at="2020-05-01T06:39:12Z">
          <reporter-output>
          </reporter-output>
        </test-method> <!-- preClass -->
        <test-method status="PASS" signature="preTest()[pri:0, instance:com.acti.Testcase.TestDeleteCustomer@7d417077]" name="preTest" is-config="true" duration-ms="15614" started-at="2020-05-01T06:39:12Z" finished-at="2020-05-01T06:39:27Z">
          <reporter-output>
          </reporter-output>
        </test-method> <!-- preTest -->
        <test-method status="PASS" signature="createCustomer()[pri:0, instance:com.acti.Testcase.TestDeleteCustomer@7d417077]" name="createCustomer" duration-ms="14447" started-at="2020-05-01T06:39:27Z" finished-at="2020-05-01T06:39:42Z">
          <reporter-output>
          </reporter-output>
        </test-method> <!-- createCustomer -->
        <test-method status="PASS" signature="tearDown()[pri:0, instance:com.acti.Testcase.TestDeleteCustomer@7d417077]" name="tearDown" is-config="true" duration-ms="754" started-at="2020-05-01T06:39:42Z" finished-at="2020-05-01T06:39:43Z">
          <reporter-output>
          </reporter-output>
        </test-method> <!-- tearDown -->
      </class> <!-- com.acti.Testcase.TestDeleteCustomer -->
    </test> <!-- Default test -->
  </suite> <!-- Default suite -->
</testng-results>
